<?xml version="1.0" encoding="UTF-8"?>
<!-- Generated by org.testng.reporters.JUnitXMLReporter -->
<testsuite hostname="TYSS-4F-057" ignored="0" name="Test" tests="4" failures="1" timestamp="07 Jan 2019 11:14:11 GMT" time="1.839" errors="0">
  <testcase name="test" time="0.015" classname="script.Demo1"/>
  <testcase name="test1" time="0.0" classname="script.Demo1"/>
  <testcase name="test" time="0.0" classname="script.Demo"/>
  <testcase name="test1" time="0.046" classname="script.Demo">
    <failure type="java.lang.AssertionError" message="The following asserts failed:
	null">
      <![CDATA[java.lang.AssertionError: The following asserts failed:
null
at script.Demo.test1(Demo.java:23)
... Removed 26 stack frames]]>
    </failure>
  </testcase> <!-- test1 -->
</testsuite> <!-- Test -->
